<?xml version="1.0" encoding="UTF-8"?>
<!-- Generated by org.testng.reporters.JUnitReportReporter -->
<testsuite hostname="DESKTOP-1ULGF16" failures="0" tests="2" name="TestingTaskApp.TestingTask.Testingtaskmain" time="25.391" errors="0" timestamp="2023-03-14T02:01:44 PDT" skipped="0">
  <testcase classname="TestingTaskApp.TestingTask.Testingtaskmain" name="createaccount" time="16.907"/>
  <system-out/>
  <testcase classname="TestingTaskApp.TestingTask.Testingtaskmain" name="login" time="8.484"/>
  <system-out/>
</testsuite> <!-- TestingTaskApp.TestingTask.Testingtaskmain -->
